<?xml version="1.0" encoding="UTF-8"?>
<!-- Generated by org.testng.reporters.JUnitXMLReporter -->
<testsuite hostname="water7878778-All-Series" failures="0" tests="6" name="Surefire test" time="29.16" errors="0" timestamp="24 Apr 2020 01:04:12 GMT">
  <testcase classname="ordering.OrderingApplicationTests" name="testIndex on testIndex(ordering.OrderingApplicationTests)" time="0.049"/>
  <testcase classname="ordering.ContractVerifierTest" name="validate_getMovieFromOrderList on validate_getMovieFromOrderList(ordering.ContractVerifierTest)" time="0.585"/>
  <testcase classname="ordering.ContractVerifierTest" name="validate_newGroceryOrdering on validate_newGroceryOrdering(ordering.ContractVerifierTest)" time="2.352"/>
  <testcase classname="ordering.ContractVerifierTest" name="validate_validate_prime_number on validate_validate_prime_number(ordering.ContractVerifierTest)" time="0.085"/>
  <testcase classname="ordering.ContractVerifierTest" name="validate_newMovieOrdering on validate_newMovieOrdering(ordering.ContractVerifierTest)" time="0.209"/>
  <testcase classname="ordering.ContractVerifierTest" name="validate_getGroceryFromOrderList on validate_getGroceryFromOrderList(ordering.ContractVerifierTest)" time="0.099"/>
</testsuite> <!-- Surefire test -->
