<?xml version="1.0" encoding="UTF-8"?>
<!-- Generated by org.testng.reporters.JUnitXMLReporter -->
<testsuite hostname="water7878778-All-Series" failures="0" tests="6" name="Surefire test" time="17.695" errors="0" timestamp="23 Apr 2020 08:31:16 GMT">
  <testcase classname="ordering.ContractVerifierTest" name="validate_getMovieFromOrderList on validate_getMovieFromOrderList(ordering.ContractVerifierTest)" time="0.489"/>
  <testcase classname="ordering.ContractVerifierTest" name="validate_newGroceryOrdering on validate_newGroceryOrdering(ordering.ContractVerifierTest)" time="1.77"/>
  <testcase classname="ordering.ContractVerifierTest" name="validate_validate_prime_number on validate_validate_prime_number(ordering.ContractVerifierTest)" time="0.036"/>
  <testcase classname="ordering.ContractVerifierTest" name="validate_newMovieOrdering on validate_newMovieOrdering(ordering.ContractVerifierTest)" time="0.147"/>
  <testcase classname="ordering.ContractVerifierTest" name="validate_getGroceryFromOrderList on validate_getGroceryFromOrderList(ordering.ContractVerifierTest)" time="0.114"/>
  <testcase classname="ordering.OrderingApplicationTests" name="testIndex on testIndex(ordering.OrderingApplicationTests)" time="0.005"/>
</testsuite> <!-- Surefire test -->
