<?xml version="1.0" encoding="UTF-8"?>
<!-- Generated by org.testng.reporters.JUnitXMLReporter -->
<testsuite hostname="water7878778-All-Series" failures="0" tests="6" name="Surefire test" time="28.34" errors="0" timestamp="7 May 2020 13:10:15 GMT">
  <testcase classname="ordering.OrderingApplicationTests" name="testIndex on testIndex(ordering.OrderingApplicationTests)" time="0.056"/>
  <testcase classname="ordering.ContractVerifierTest" name="validate_groceryinventory_newGroceryOrdering on validate_groceryinventory_newGroceryOrdering(ordering.ContractVerifierTest)" time="5.46"/>
  <testcase classname="ordering.ContractVerifierTest" name="validate_cinemacatalog_newMovieOrdering on validate_cinemacatalog_newMovieOrdering(ordering.ContractVerifierTest)" time="0.131"/>
  <testcase classname="ordering.ContractVerifierTest" name="validate_cinemacatalog_validate_prime_number on validate_cinemacatalog_validate_prime_number(ordering.ContractVerifierTest)" time="0.044"/>
  <testcase classname="ordering.ContractVerifierTest" name="validate_groceryinventory_getGroceryFromOrderList on validate_groceryinventory_getGroceryFromOrderList(ordering.ContractVerifierTest)" time="0.168"/>
  <testcase classname="ordering.ContractVerifierTest" name="validate_cinemacatalog_getMovieFromOrderList on validate_cinemacatalog_getMovieFromOrderList(ordering.ContractVerifierTest)" time="0.157"/>
</testsuite> <!-- Surefire test -->
