<?xml version="1.0" encoding="UTF-8"?>
<testsuite name="TestSuite" time="6.018" tests="6" errors="0" skipped="0" failures="0">
  <properties>
[...]
</properties>
  <testcase name="testIndex on testIndex(ordering.OrderingApplicationTests)" classname="ordering.OrderingApplicationTests" time="0.055"/>
  <testcase name="validate_groceryinventory_newGroceryOrdering on validate_groceryinventory_newGroceryOrdering(ordering.ContractVerifierTest)" classname="ordering.ContractVerifierTest" time="5.461"/>
  <testcase name="validate_cinemacatalog_newMovieOrdering on validate_cinemacatalog_newMovieOrdering(ordering.ContractVerifierTest)" classname="ordering.ContractVerifierTest" time="0.131"/>
  <testcase name="validate_cinemacatalog_validate_prime_number on validate_cinemacatalog_validate_prime_number(ordering.ContractVerifierTest)" classname="ordering.ContractVerifierTest" time="0.046"/>
  <testcase name="validate_groceryinventory_getGroceryFromOrderList on validate_groceryinventory_getGroceryFromOrderList(ordering.ContractVerifierTest)" classname="ordering.ContractVerifierTest" time="0.168"/>
  <testcase name="validate_cinemacatalog_getMovieFromOrderList on validate_cinemacatalog_getMovieFromOrderList(ordering.ContractVerifierTest)" classname="ordering.ContractVerifierTest" time="0.157"/>
</testsuite>