<?xml version="1.0" encoding="UTF-8"?>
<testng-results total="7" passed="7" failed="0" skipped="0">
  <reporter-output>
  </reporter-output>
  <suite started-at="2020-04-09T10:26:34Z" name="Surefire suite" finished-at="2020-04-09T10:26:46Z" duration-ms="11465">
    <groups>
    </groups>
    <test started-at="2020-04-09T10:26:34Z" name="Surefire test" finished-at="2020-04-09T10:26:46Z" duration-ms="11465">
      <class name="ordering.OrderingApplicationTests">
        <test-method signature="testIndex()[pri:0, instance:testIndex(ordering.OrderingApplicationTests)]" started-at="2020-04-09T18:26:46Z" name="testIndex" finished-at="2020-04-09T18:26:46Z" duration-ms="5" status="PASS">
          <reporter-output>
          </reporter-output>
        </test-method> <!-- testIndex -->
        <test-method signature="givenFileName_whenUsingIOUtils_thenFileData()[pri:0, instance:givenFileName_whenUsingIOUtils_thenFileData(ordering.OrderingApplicationTests)]" started-at="2020-04-09T18:26:46Z" name="givenFileName_whenUsingIOUtils_thenFileData" finished-at="2020-04-09T18:26:46Z" duration-ms="7" status="PASS">
          <reporter-output>
          </reporter-output>
        </test-method> <!-- givenFileName_whenUsingIOUtils_thenFileData -->
      </class> <!-- ordering.OrderingApplicationTests -->
      <class name="ordering.ContractVerifierTest">
        <test-method signature="validate_getMovieFromOrderList()[pri:0, instance:validate_getMovieFromOrderList(ordering.ContractVerifierTest)]" started-at="2020-04-09T18:26:41Z" name="validate_getMovieFromOrderList" finished-at="2020-04-09T18:26:41Z" duration-ms="323" status="PASS">
          <reporter-output>
          </reporter-output>
        </test-method> <!-- validate_getMovieFromOrderList -->
        <test-method signature="validate_newGroceryOrdering()[pri:0, instance:validate_newGroceryOrdering(ordering.ContractVerifierTest)]" started-at="2020-04-09T18:26:41Z" name="validate_newGroceryOrdering" finished-at="2020-04-09T18:26:42Z" duration-ms="935" status="PASS">
          <reporter-output>
          </reporter-output>
        </test-method> <!-- validate_newGroceryOrdering -->
        <test-method signature="validate_validate_prime_number()[pri:0, instance:validate_validate_prime_number(ordering.ContractVerifierTest)]" started-at="2020-04-09T18:26:42Z" name="validate_validate_prime_number" finished-at="2020-04-09T18:26:42Z" duration-ms="19" status="PASS">
          <reporter-output>
          </reporter-output>
        </test-method> <!-- validate_validate_prime_number -->
        <test-method signature="validate_newMovieOrdering()[pri:0, instance:validate_newMovieOrdering(ordering.ContractVerifierTest)]" started-at="2020-04-09T18:26:42Z" name="validate_newMovieOrdering" finished-at="2020-04-09T18:26:42Z" duration-ms="46" status="PASS">
          <reporter-output>
          </reporter-output>
        </test-method> <!-- validate_newMovieOrdering -->
        <test-method signature="validate_getGroceryFromOrderList()[pri:0, instance:validate_getGroceryFromOrderList(ordering.ContractVerifierTest)]" started-at="2020-04-09T18:26:42Z" name="validate_getGroceryFromOrderList" finished-at="2020-04-09T18:26:43Z" duration-ms="44" status="PASS">
          <reporter-output>
          </reporter-output>
        </test-method> <!-- validate_getGroceryFromOrderList -->
      </class> <!-- ordering.ContractVerifierTest -->
    </test> <!-- Surefire test -->
  </suite> <!-- Surefire suite -->
</testng-results>
