<?xml version="1.0" encoding="UTF-8"?>
<testng-results total="6" passed="6" failed="0" skipped="0">
  <reporter-output>
  </reporter-output>
  <suite started-at="2020-04-24T01:04:31Z" name="Surefire suite" finished-at="2020-04-24T01:04:51Z" duration-ms="20316">
    <groups>
    </groups>
    <test started-at="2020-04-24T01:04:31Z" name="Surefire test" finished-at="2020-04-24T01:04:51Z" duration-ms="20316">
      <class name="ordering.OrderingApplicationTests">
        <test-method signature="testIndex()[pri:0, instance:testIndex(ordering.OrderingApplicationTests)]" started-at="2020-04-24T09:04:51Z" name="testIndex" finished-at="2020-04-24T09:04:51Z" duration-ms="6" status="PASS">
          <reporter-output>
          </reporter-output>
        </test-method> <!-- testIndex -->
      </class> <!-- ordering.OrderingApplicationTests -->
      <class name="ordering.ContractVerifierTest">
        <test-method signature="validate_getMovieFromOrderList()[pri:0, instance:validate_getMovieFromOrderList(ordering.ContractVerifierTest)]" started-at="2020-04-24T09:04:43Z" name="validate_getMovieFromOrderList" finished-at="2020-04-24T09:04:43Z" duration-ms="570" status="PASS">
          <reporter-output>
          </reporter-output>
        </test-method> <!-- validate_getMovieFromOrderList -->
        <test-method signature="validate_newGroceryOrdering()[pri:0, instance:validate_newGroceryOrdering(ordering.ContractVerifierTest)]" started-at="2020-04-24T09:04:43Z" name="validate_newGroceryOrdering" finished-at="2020-04-24T09:04:45Z" duration-ms="1825" status="PASS">
          <reporter-output>
          </reporter-output>
        </test-method> <!-- validate_newGroceryOrdering -->
        <test-method signature="validate_validate_prime_number()[pri:0, instance:validate_validate_prime_number(ordering.ContractVerifierTest)]" started-at="2020-04-24T09:04:45Z" name="validate_validate_prime_number" finished-at="2020-04-24T09:04:45Z" duration-ms="61" status="PASS">
          <reporter-output>
          </reporter-output>
        </test-method> <!-- validate_validate_prime_number -->
        <test-method signature="validate_newMovieOrdering()[pri:0, instance:validate_newMovieOrdering(ordering.ContractVerifierTest)]" started-at="2020-04-24T09:04:45Z" name="validate_newMovieOrdering" finished-at="2020-04-24T09:04:45Z" duration-ms="126" status="PASS">
          <reporter-output>
          </reporter-output>
        </test-method> <!-- validate_newMovieOrdering -->
        <test-method signature="validate_getGroceryFromOrderList()[pri:0, instance:validate_getGroceryFromOrderList(ordering.ContractVerifierTest)]" started-at="2020-04-24T09:04:45Z" name="validate_getGroceryFromOrderList" finished-at="2020-04-24T09:04:45Z" duration-ms="83" status="PASS">
          <reporter-output>
          </reporter-output>
        </test-method> <!-- validate_getGroceryFromOrderList -->
      </class> <!-- ordering.ContractVerifierTest -->
    </test> <!-- Surefire test -->
  </suite> <!-- Surefire suite -->
</testng-results>
